<?xml version="1.0" encoding="UTF-8"?>
<!-- Generated by org.testng.reporters.JUnitReportReporter -->
<testsuite name="com.ski.logintest.logintest" tests="3" time="31.323" ignored="0" failures="0" timestamp="03 Apr 2018 06:08:55 GMT" skipped="0" hostname="DESKTOP-J2S5NQC" errors="0">
  <testcase name="loginTest" time="4.547" classname="com.ski.logintest.logintest"/>
  <testcase name="loginTest" time="11.101" classname="com.ski.logintest.logintest"/>
  <testcase name="loginTest" time="15.675" classname="com.ski.logintest.logintest"/>
</testsuite> <!-- com.ski.logintest.logintest -->
