<?xml version="1.0" encoding="UTF-8"?>
<!-- Generated by org.testng.reporters.JUnitReportReporter -->
<testsuite name="com.ski.logintest.logintest" tests="3" time="23.331" ignored="0" failures="0" timestamp="07 Apr 2018 13:41:12 GMT" skipped="0" hostname="DESKTOP-J2S5NQC" errors="0">
  <testcase name="loginTest" time="11.287" classname="com.ski.logintest.logintest"/>
  <testcase name="loginTest" time="6.736" classname="com.ski.logintest.logintest"/>
  <testcase name="loginTest" time="5.308" classname="com.ski.logintest.logintest"/>
</testsuite> <!-- com.ski.logintest.logintest -->
