<?xml version="1.0" encoding="UTF-8"?>
<!-- Generated by org.testng.reporters.JUnitReportReporter -->
<testsuite name="com.ski.institution.institutiontest" tests="1" time="12.785" ignored="0" failures="0" timestamp="07 Apr 2018 13:44:53 GMT" skipped="0" hostname="DESKTOP-J2S5NQC" errors="0">
  <testcase name="testinstitution" time="12.785" classname="com.ski.institution.institutiontest"/>
</testsuite> <!-- com.ski.institution.institutiontest -->
